array (
  'video_cover' => 'https://i.ytimg.com/vi/DeAw6aXHzcY/hqdefault.jpg?sqp=-oaymwEWCMQBEG5IWvKriqkDCQgBFQAAiEIYAQ==&rs=AOn4CLDSCQkZNifFuu3vjmxQ5-2Bx1D40A',
  'video_update_time' => '1 天前4,485,097次观看',
  'play_duration' => '1:36',
  'video_title' => 'Rick and Morty Season 3 Trailer | Rick and Morty | Adult Swim',
  'video_url' => 'https://www.youtube.com/watch?v=DeAw6aXHzcY',
)array (
  'video_cover' => 'https://i.ytimg.com/vi/L7YrTk-Y0a0/hqdefault.jpg?sqp=-oaymwEWCMQBEG5IWvKriqkDCQgBFQAAiEIYAQ==&rs=AOn4CLCTNoPqAxat4TbMLLn0dSWb6jVrRA',
  'video_update_time' => '1 天前1,957,945次观看',
  'play_duration' => '5:31',
  'video_title' => 'Stephen: \'This Is What\'s Wrong With The American President\'',
  'video_url' => 'https://www.youtube.com/watch?v=L7YrTk-Y0a0',
)array (
  'video_cover' => 'https://i.ytimg.com/vi/uNwQK_HIHRU/hqdefault.jpg?sqp=-oaymwEWCMQBEG5IWvKriqkDCQgBFQAAiEIYAQ==&rs=AOn4CLDeWmK6aZk5rCNaU7BTX9YUEqjDNQ',
  'video_update_time' => '22 小时前177,967次观看',
  'play_duration' => '0:18',
  'video_title' => 'Man falls off Motorcycle',
  'video_url' => 'https://www.youtube.com/watch?v=uNwQK_HIHRU',
)array (
  'video_cover' => 'https://i.ytimg.com/vi/2QKg5SZ_35I/hqdefault.jpg?sqp=-oaymwEWCMQBEG5IWvKriqkDCQgBFQAAiEIYAQ==&rs=AOn4CLDco_hyzpdAkD1yw7f7cABUyXyaFw',
  'video_update_time' => '2 天前6,027,808次观看',
  'play_duration' => '2:46',
  'video_title' => 'JUMANJI: WELCOME TO THE JUNGLE - Official Trailer (HD)',
  'video_url' => 'https://www.youtube.com/watch?v=2QKg5SZ_35I',
)array (
  'video_cover' => 'https://i.ytimg.com/vi/VYtJAuoZxcc/hqdefault.jpg?sqp=-oaymwEWCMQBEG5IWvKriqkDCQgBFQAAiEIYAQ==&rs=AOn4CLDizhGgqsDUC9BV_6ZcSvZmxHZDOw',
  'video_update_time' => '3 个月前85,072,921次观看',
  'play_duration' => '3:34',
  'video_title' => 'Una Lady Como Tú - MTZ Manuel Turizo | Video Oficial',
  'video_url' => 'https://www.youtube.com/watch?v=VYtJAuoZxcc',
)array (
  'video_cover' => 'https://i.ytimg.com/vi/kFQUlA-G0N4/hqdefault.jpg?sqp=-oaymwEWCMQBEG5IWvKriqkDCQgBFQAAiEIYAQ==&rs=AOn4CLDw7ZBl6ob0wqnCgRydGMJOIhZTPg',
  'video_update_time' => '1 天前2,557,734次观看',
  'play_duration' => '18:41',
  'video_title' => 'Everything Wrong With Despicable Me 2 In 16 Minutes Or Less',
  'video_url' => 'https://www.youtube.com/watch?v=kFQUlA-G0N4',
)array (
  'video_cover' => 'https://i.ytimg.com/vi/kFQUlA-G0N4/hqdefault.jpg?sqp=-oaymwEWCMQBEG5IWvKriqkDCQgBFQAAiEIYAQ==&rs=AOn4CLDw7ZBl6ob0wqnCgRydGMJOIhZTPg',
  'video_update_time' => '2 天前5,068,662次观看',
  'play_duration' => '1:57',
  'video_title' => 'Marvel\'s Inhumans - Official Trailer 1',
  'video_url' => 'https://www.youtube.com/watch?v=1sYF1SXcWqQ',
)array (
  'video_cover' => 'https://i.ytimg.com/vi/kFQUlA-G0N4/hqdefault.jpg?sqp=-oaymwEWCMQBEG5IWvKriqkDCQgBFQAAiEIYAQ==&rs=AOn4CLDw7ZBl6ob0wqnCgRydGMJOIhZTPg',
  'video_update_time' => '1 天前202,818次观看',
  'play_duration' => '5:46',
  'video_title' => 'How To Make ICE BALLS!',
  'video_url' => 'https://www.youtube.com/watch?v=Wv7T_Rh0lp4',
)array (
  'video_cover' => 'https://i.ytimg.com/vi/kFQUlA-G0N4/hqdefault.jpg?sqp=-oaymwEWCMQBEG5IWvKriqkDCQgBFQAAiEIYAQ==&rs=AOn4CLDw7ZBl6ob0wqnCgRydGMJOIhZTPg',
  'video_update_time' => '1 天前16,347,247次观看',
  'play_duration' => '3:06',
  'video_title' => 'J. Balvin, Willy William - Mi Gente',
  'video_url' => 'https://www.youtube.com/watch?v=wnJ6LuUFpMo',
)array (
  'video_cover' => 'https://i.ytimg.com/vi/kFQUlA-G0N4/hqdefault.jpg?sqp=-oaymwEWCMQBEG5IWvKriqkDCQgBFQAAiEIYAQ==&rs=AOn4CLDw7ZBl6ob0wqnCgRydGMJOIhZTPg',
  'video_update_time' => '1 天前1,608,984次观看',
  'play_duration' => '10:50',
  'video_title' => 'Trump Doesn\'t Seem to Know Anything About Health Care: A Closer Look',
  'video_url' => 'https://www.youtube.com/watch?v=GO9JMR2m8O0',
)array (
  'video_cover' => 'https://i.ytimg.com/vi/kFQUlA-G0N4/hqdefault.jpg?sqp=-oaymwEWCMQBEG5IWvKriqkDCQgBFQAAiEIYAQ==&rs=AOn4CLDw7ZBl6ob0wqnCgRydGMJOIhZTPg',
  'video_update_time' => '1 天前5,459,914次观看',
  'play_duration' => '5:13',
  'video_title' => 'READING MEAN COMMENTS!! I\'LL BE OKAY!',
  'video_url' => 'https://www.youtube.com/watch?v=nIJ0qhfQ_Hc',
)array (
  'video_cover' => 'https://i.ytimg.com/vi/kFQUlA-G0N4/hqdefault.jpg?sqp=-oaymwEWCMQBEG5IWvKriqkDCQgBFQAAiEIYAQ==&rs=AOn4CLDw7ZBl6ob0wqnCgRydGMJOIhZTPg',
  'video_update_time' => '1 天前596,978次观看',
  'play_duration' => '0:30',
  'video_title' => 'Leon Goretzka scores two quick goals vs. Mexico | 2017 FIFA Confederations Cup Highlights',
  'video_url' => 'https://www.youtube.com/watch?v=j416AevhcVU',
)array (
  'video_cover' => 'https://i.ytimg.com/vi/kFQUlA-G0N4/hqdefault.jpg?sqp=-oaymwEWCMQBEG5IWvKriqkDCQgBFQAAiEIYAQ==&rs=AOn4CLDw7ZBl6ob0wqnCgRydGMJOIhZTPg',
  'video_update_time' => '1 天前713,398次观看',
  'play_duration' => '6:54',
  'video_title' => 'Why Do Cameras Do This? (Rolling Shutter Explained) - Smarter Every Day 172',
  'video_url' => 'https://www.youtube.com/watch?v=dNVtMmLlnoE',
)array (
  'video_cover' => 'https://i.ytimg.com/vi/kFQUlA-G0N4/hqdefault.jpg?sqp=-oaymwEWCMQBEG5IWvKriqkDCQgBFQAAiEIYAQ==&rs=AOn4CLDw7ZBl6ob0wqnCgRydGMJOIhZTPg',
  'video_update_time' => '1 天前713,398次观看',
  'play_duration' => '6:54',
  'video_title' => 'https://www.youtube.com/watch?v=eMJFpj-0ogA',
  'video_url' => 'https://www.youtube.com/watch?v=eMJFpj-0ogA',
)array (
  'video_cover' => 'https://i.ytimg.com/vi/kFQUlA-G0N4/hqdefault.jpg?sqp=-oaymwEWCMQBEG5IWvKriqkDCQgBFQAAiEIYAQ==&rs=AOn4CLDw7ZBl6ob0wqnCgRydGMJOIhZTPg',
  'video_update_time' => '2 天前1,771,348次观看',
  'play_duration' => '2:18',
  'video_title' => 'Death Note | Official Trailer [HD] | Netflix',
  'video_url' => 'https://www.youtube.com/watch?v=gvxNaSIB_WI',
)array (
  'video_cover' => 'https://i.ytimg.com/vi/kFQUlA-G0N4/hqdefault.jpg?sqp=-oaymwEWCMQBEG5IWvKriqkDCQgBFQAAiEIYAQ==&rs=AOn4CLDw7ZBl6ob0wqnCgRydGMJOIhZTPg',
  'video_update_time' => '22 小时前54,008次观看',
  'play_duration' => '3:22',
  'video_title' => 'Neil Young + Promise of the Real - Children of Destiny (Official Music Video)',
  'video_url' => 'https://www.youtube.com/watch?v=4RKBUG9VLFU',
)array (
  'video_cover' => 'https://i.ytimg.com/vi/kFQUlA-G0N4/hqdefault.jpg?sqp=-oaymwEWCMQBEG5IWvKriqkDCQgBFQAAiEIYAQ==&rs=AOn4CLDw7ZBl6ob0wqnCgRydGMJOIhZTPg',
  'video_update_time' => '1 天前1,643,961次观看',
  'play_duration' => '20:12',
  'video_title' => 'WASTEFUL or TASTEFUL? | 10 Unique Target Items',
  'video_url' => 'https://www.youtube.com/watch?v=mRyJpB1frvc',
)array (
  'video_cover' => 'https://i.ytimg.com/vi/kFQUlA-G0N4/hqdefault.jpg?sqp=-oaymwEWCMQBEG5IWvKriqkDCQgBFQAAiEIYAQ==&rs=AOn4CLDw7ZBl6ob0wqnCgRydGMJOIhZTPg',
  'video_update_time' => '1 天前1,643,961次观看',
  'play_duration' => '20:12',
  'video_title' => 'https://www.youtube.com/watch?v=lEKujVA_uBQ&list=PL15dtrx_ng4RZH3aop96cWRW7CZU-uqDe&index=7',
  'video_url' => 'https://www.youtube.com/watch?v=lEKujVA_uBQ&list=PL15dtrx_ng4RZH3aop96cWRW7CZU-uqDe&index=7',
)array (
  'video_cover' => 'https://i.ytimg.com/vi/kFQUlA-G0N4/hqdefault.jpg?sqp=-oaymwEWCMQBEG5IWvKriqkDCQgBFQAAiEIYAQ==&rs=AOn4CLDw7ZBl6ob0wqnCgRydGMJOIhZTPg',
  'video_update_time' => '21 小时前117,980次观看',
  'play_duration' => '3:39',
  'video_title' => 'Eyes Made of Crystal? - Trilobites are Bizarre',
  'video_url' => 'https://www.youtube.com/watch?v=VZLsbIAxmmA',
)array (
  'video_cover' => 'https://i.ytimg.com/vi/kFQUlA-G0N4/hqdefault.jpg?sqp=-oaymwEWCMQBEG5IWvKriqkDCQgBFQAAiEIYAQ==&rs=AOn4CLDw7ZBl6ob0wqnCgRydGMJOIhZTPg',
  'video_update_time' => '1 天前330,042次观看',
  'play_duration' => '3:30',
  'video_title' => 'IMAGINARY PARTIES by SUPERFRUIT',
  'video_url' => 'https://www.youtube.com/watch?v=x8N5X-2xAbg',
)array (
  'video_cover' => 'https://i.ytimg.com/vi/kFQUlA-G0N4/hqdefault.jpg?sqp=-oaymwEWCMQBEG5IWvKriqkDCQgBFQAAiEIYAQ==&rs=AOn4CLDw7ZBl6ob0wqnCgRydGMJOIhZTPg',
  'video_update_time' => '1 天前271,060次观看',
  'play_duration' => '1:55',
  'video_title' => 'Waiting Game - Simon\'s Cat',
  'video_url' => 'https://www.youtube.com/watch?v=TayIfVa0QPs',
)array (
  'video_cover' => 'https://i.ytimg.com/vi/kFQUlA-G0N4/hqdefault.jpg?sqp=-oaymwEWCMQBEG5IWvKriqkDCQgBFQAAiEIYAQ==&rs=AOn4CLDw7ZBl6ob0wqnCgRydGMJOIhZTPg',
  'video_update_time' => '1 天前1,918,728次观看',
  'play_duration' => '3:52',
  'video_title' => 'Calvin Harris - Slide (Official Audio) ft. Frank Ocean, Migos',
  'video_url' => 'https://www.youtube.com/watch?v=8Ee4QjCEHHc',
)array (
  'video_cover' => 'https://i.ytimg.com/vi/kFQUlA-G0N4/hqdefault.jpg?sqp=-oaymwEWCMQBEG5IWvKriqkDCQgBFQAAiEIYAQ==&rs=AOn4CLDw7ZBl6ob0wqnCgRydGMJOIhZTPg',
  'video_update_time' => '2 天前1,170,527次观看',
  'play_duration' => '6:05',
  'video_title' => 'Will Ferrell & Amy Poehler Answer the Web\'s Most Searched Questions | WIRED',
  'video_url' => 'https://www.youtube.com/watch?v=k___aVjwEXs',
)array (
  'video_cover' => 'https://i.ytimg.com/vi/kFQUlA-G0N4/hqdefault.jpg?sqp=-oaymwEWCMQBEG5IWvKriqkDCQgBFQAAiEIYAQ==&rs=AOn4CLDw7ZBl6ob0wqnCgRydGMJOIhZTPg',
  'video_update_time' => '2 天前1,150,039次观看',
  'play_duration' => '2:15',
  'video_title' => 'Chance the Rapper Made the Best WNO Show In History | Wild \'N Out',
  'video_url' => 'https://www.youtube.com/watch?v=OeWX7KY50Ps',
)array (
  'video_cover' => 'https://i.ytimg.com/vi/kFQUlA-G0N4/hqdefault.jpg?sqp=-oaymwEWCMQBEG5IWvKriqkDCQgBFQAAiEIYAQ==&rs=AOn4CLDw7ZBl6ob0wqnCgRydGMJOIhZTPg',
  'video_update_time' => '1 天前288,301次观看',
  'play_duration' => '7:11',
  'video_title' => 'ELEMENT: How Kendrick Lamar Collaborates',
  'video_url' => 'https://www.youtube.com/watch?v=kqGKMaCAao4',
)array (
  'video_cover' => 'https://i.ytimg.com/vi/kFQUlA-G0N4/hqdefault.jpg?sqp=-oaymwEWCMQBEG5IWvKriqkDCQgBFQAAiEIYAQ==&rs=AOn4CLDw7ZBl6ob0wqnCgRydGMJOIhZTPg',
  'video_update_time' => '2 天前1,633,423次观看',
  'play_duration' => '2:52',
  'video_title' => 'Breathe Official Trailer #1 (2017) Andrew Garfield, Claire Foy Biography Movie HD',
  'video_url' => 'https://www.youtube.com/watch?v=7_YnYrLfjxA',
)array (
  'video_cover' => 'https://i.ytimg.com/vi/kFQUlA-G0N4/hqdefault.jpg?sqp=-oaymwEWCMQBEG5IWvKriqkDCQgBFQAAiEIYAQ==&rs=AOn4CLDw7ZBl6ob0wqnCgRydGMJOIhZTPg',
  'video_update_time' => '1 天前1,147,497次观看',
  'play_duration' => '12:35',
  'video_title' => 'How FNAF SCARES You! - Five Nights at Freddy\'s Break Down',
  'video_url' => 'https://www.youtube.com/watch?v=8ntV_pxQYZs',
)array (
  'video_cover' => 'https://i.ytimg.com/vi/kFQUlA-G0N4/hqdefault.jpg?sqp=-oaymwEWCMQBEG5IWvKriqkDCQgBFQAAiEIYAQ==&rs=AOn4CLDw7ZBl6ob0wqnCgRydGMJOIhZTPg',
  'video_update_time' => '1 天前150,195次观看',
  'play_duration' => '2:09',
  'video_title' => '13 men wrote a health care bill that would hurt women',
  'video_url' => 'https://www.youtube.com/watch?v=vly2iHFtOTE',
)array (
  'video_cover' => 'https://i.ytimg.com/vi/kFQUlA-G0N4/hqdefault.jpg?sqp=-oaymwEWCMQBEG5IWvKriqkDCQgBFQAAiEIYAQ==&rs=AOn4CLDw7ZBl6ob0wqnCgRydGMJOIhZTPg',
  'video_update_time' => '23 小时前306,251次观看',
  'play_duration' => '2:50',
  'video_title' => 'Tutorial: Watch Kim Do Half Her Face, While Mario Does the Other Half',
  'video_url' => 'https://www.youtube.com/watch?v=bqusap6i0go',
)array (
  'video_cover' => 'https://i.ytimg.com/vi/kFQUlA-G0N4/hqdefault.jpg?sqp=-oaymwEWCMQBEG5IWvKriqkDCQgBFQAAiEIYAQ==&rs=AOn4CLDw7ZBl6ob0wqnCgRydGMJOIhZTPg',
  'video_update_time' => '1 天前340,040次观看',
  'play_duration' => '4:32',
  'video_title' => 'Arcade Fire - Signs of Life (Official Video)',
  'video_url' => 'https://www.youtube.com/watch?v=_Dx4IAD1NLo',
)array (
  'video_cover' => 'https://i.ytimg.com/vi/kFQUlA-G0N4/hqdefault.jpg?sqp=-oaymwEWCMQBEG5IWvKriqkDCQgBFQAAiEIYAQ==&rs=AOn4CLDw7ZBl6ob0wqnCgRydGMJOIhZTPg',
  'video_update_time' => '1 天前856,504次观看',
  'play_duration' => '16:13',
  'video_title' => '11 Years on YouTube.',
  'video_url' => 'https://www.youtube.com/watch?v=j1h6XsIIQvc',
)array (
  'video_cover' => 'https://i.ytimg.com/vi/kFQUlA-G0N4/hqdefault.jpg?sqp=-oaymwEWCMQBEG5IWvKriqkDCQgBFQAAiEIYAQ==&rs=AOn4CLDw7ZBl6ob0wqnCgRydGMJOIhZTPg',
  'video_update_time' => '1年前156,450次观看',
  'play_duration' => '0:21',
  'video_title' => 'Crazy Flushes Toilet',
  'video_url' => 'https://www.youtube.com/watch?v=-wTZRGnKHs0',
)array (
  'video_cover' => 'https://i.ytimg.com/vi/kFQUlA-G0N4/hqdefault.jpg?sqp=-oaymwEWCMQBEG5IWvKriqkDCQgBFQAAiEIYAQ==&rs=AOn4CLDw7ZBl6ob0wqnCgRydGMJOIhZTPg',
  'video_update_time' => '2 天前386,541次观看',
  'play_duration' => '8:25',
  'video_title' => '2,000G AQUARIUM LEAKED!!!',
  'video_url' => 'https://www.youtube.com/watch?v=HRS-aSgHdQc',
)array (
  'video_cover' => 'https://i.ytimg.com/vi/kFQUlA-G0N4/hqdefault.jpg?sqp=-oaymwEWCMQBEG5IWvKriqkDCQgBFQAAiEIYAQ==&rs=AOn4CLDw7ZBl6ob0wqnCgRydGMJOIhZTPg',
  'video_update_time' => '2 天前386,541次观看',
  'play_duration' => '8:25',
  'video_title' => 'https://www.youtube.com/watch?v=GytQ_XvmxI4',
  'video_url' => 'https://www.youtube.com/watch?v=GytQ_XvmxI4',
)array (
  'video_cover' => 'https://i.ytimg.com/vi/kFQUlA-G0N4/hqdefault.jpg?sqp=-oaymwEWCMQBEG5IWvKriqkDCQgBFQAAiEIYAQ==&rs=AOn4CLDw7ZBl6ob0wqnCgRydGMJOIhZTPg',
  'video_update_time' => '1 天前334,859次观看',
  'play_duration' => '2:40',
  'video_title' => 'I\'m bisexual - a coming out song! | dodie (ad)',
  'video_url' => 'https://www.youtube.com/watch?v=SH_NwvdbecE',
)array (
  'video_cover' => 'https://i.ytimg.com/vi/kFQUlA-G0N4/hqdefault.jpg?sqp=-oaymwEWCMQBEG5IWvKriqkDCQgBFQAAiEIYAQ==&rs=AOn4CLDw7ZBl6ob0wqnCgRydGMJOIhZTPg',
  'video_update_time' => '1 天前218,437次观看',
  'play_duration' => '4:50',
  'video_title' => 'Alex Rodriguez Often Gets Mistaken for Jennifer Lopez\'s Security Guard',
  'video_url' => 'https://www.youtube.com/watch?v=grrsfLOg5_Y',
)array (
  'video_cover' => 'https://i.ytimg.com/vi/kFQUlA-G0N4/hqdefault.jpg?sqp=-oaymwEWCMQBEG5IWvKriqkDCQgBFQAAiEIYAQ==&rs=AOn4CLDw7ZBl6ob0wqnCgRydGMJOIhZTPg',
  'video_update_time' => '1 天前116,432次观看',
  'play_duration' => '0:44',
  'video_title' => 'Don\'t put accelerants on bonfires',
  'video_url' => 'https://www.youtube.com/watch?v=Yig_zO8a35U',
)array (
  'video_cover' => 'https://i.ytimg.com/vi/kFQUlA-G0N4/hqdefault.jpg?sqp=-oaymwEWCMQBEG5IWvKriqkDCQgBFQAAiEIYAQ==&rs=AOn4CLDw7ZBl6ob0wqnCgRydGMJOIhZTPg',
  'video_update_time' => '2 天前1,372,201次观看',
  'play_duration' => '13:28',
  'video_title' => 'Seth Rogen and Dominic Cooper Suffer While Eating Spicy Wings | Hot Ones',
  'video_url' => 'https://www.youtube.com/watch?v=QulEM-Azzug',
)array (
  'video_cover' => 'https://i.ytimg.com/vi/kFQUlA-G0N4/hqdefault.jpg?sqp=-oaymwEWCMQBEG5IWvKriqkDCQgBFQAAiEIYAQ==&rs=AOn4CLDw7ZBl6ob0wqnCgRydGMJOIhZTPg',
  'video_update_time' => '1 天前173,070次观看',
  'play_duration' => '4:06',
  'video_title' => 'EASY 10-MIN BUN + HALF DOWN CURLY STYLE! | hair how-to',
  'video_url' => 'https://www.youtube.com/watch?v=65OXZnTwfMA',
)array (
  'video_cover' => 'https://i.ytimg.com/vi/kFQUlA-G0N4/hqdefault.jpg?sqp=-oaymwEWCMQBEG5IWvKriqkDCQgBFQAAiEIYAQ==&rs=AOn4CLDw7ZBl6ob0wqnCgRydGMJOIhZTPg',
  'video_update_time' => '2 天前304,680次观看',
  'play_duration' => '1:09',
  'video_title' => 'Surfers Make an Infinity Wave Pool by Hand',
  'video_url' => 'https://www.youtube.com/watch?v=DtYEKvNwYwI',
)array (
  'video_cover' => 'https://i.ytimg.com/vi/kFQUlA-G0N4/hqdefault.jpg?sqp=-oaymwEWCMQBEG5IWvKriqkDCQgBFQAAiEIYAQ==&rs=AOn4CLDw7ZBl6ob0wqnCgRydGMJOIhZTPg',
  'video_update_time' => '2 天前2,013,455次观看',
  'play_duration' => '1:14',
  'video_title' => 'Bathroom Bullies - Cyanide & Happiness Shorts',
  'video_url' => 'https://www.youtube.com/watch?v=fjQ0lpY1OgM',
)array (
  'video_cover' => 'https://i.ytimg.com/vi/kFQUlA-G0N4/hqdefault.jpg?sqp=-oaymwEWCMQBEG5IWvKriqkDCQgBFQAAiEIYAQ==&rs=AOn4CLDw7ZBl6ob0wqnCgRydGMJOIhZTPg',
  'video_update_time' => '1 天前2,624,409次观看',
  'play_duration' => '21:19',
  'video_title' => 'SHANE DAWSON MAKEUP TUTORIAL | Jeffree Star',
  'video_url' => 'https://www.youtube.com/watch?v=2bhiiFwUdU8',
)array (
  'video_cover' => 'https://i.ytimg.com/vi/kFQUlA-G0N4/hqdefault.jpg?sqp=-oaymwEWCMQBEG5IWvKriqkDCQgBFQAAiEIYAQ==&rs=AOn4CLDw7ZBl6ob0wqnCgRydGMJOIhZTPg',
  'video_update_time' => '1 天前246,778次观看',
  'play_duration' => '10:10',
  'video_title' => '10 STRANGEST Subreddit Communities That Actually Exist',
  'video_url' => 'https://www.youtube.com/watch?v=_JAzDmUL1dY',
)array (
  'video_cover' => 'https://i.ytimg.com/vi/kFQUlA-G0N4/hqdefault.jpg?sqp=-oaymwEWCMQBEG5IWvKriqkDCQgBFQAAiEIYAQ==&rs=AOn4CLDw7ZBl6ob0wqnCgRydGMJOIhZTPg',
  'video_update_time' => '2 天前1,484,508次观看',
  'play_duration' => '2:25',
  'video_title' => 'POLAROID - Official Trailer',
  'video_url' => 'https://www.youtube.com/watch?v=3Zmk3z1ZJzA',
)array (
  'video_cover' => 'https://i.ytimg.com/vi/kFQUlA-G0N4/hqdefault.jpg?sqp=-oaymwEWCMQBEG5IWvKriqkDCQgBFQAAiEIYAQ==&rs=AOn4CLDw7ZBl6ob0wqnCgRydGMJOIhZTPg',
  'video_update_time' => '1 天前330,115次观看',
  'play_duration' => '9:33',
  'video_title' => 'Pixar Theory: The Origin Of Al\'s Toy Barn (ft. Mike Mozart)',
  'video_url' => 'https://www.youtube.com/watch?v=Z1_eXmEo7zM',
)array (
  'video_cover' => 'https://i.ytimg.com/vi/kFQUlA-G0N4/hqdefault.jpg?sqp=-oaymwEWCMQBEG5IWvKriqkDCQgBFQAAiEIYAQ==&rs=AOn4CLDw7ZBl6ob0wqnCgRydGMJOIhZTPg',
  'video_update_time' => '1 天前407,147次观看',
  'play_duration' => '0:48',
  'video_title' => 'The future is now: Russian military unveils next-generation combat suit',
  'video_url' => 'https://www.youtube.com/watch?v=K5_u-R3_dIg',
)array (
  'video_cover' => 'https://i.ytimg.com/vi/kFQUlA-G0N4/hqdefault.jpg?sqp=-oaymwEWCMQBEG5IWvKriqkDCQgBFQAAiEIYAQ==&rs=AOn4CLDw7ZBl6ob0wqnCgRydGMJOIhZTPg',
  'video_update_time' => '2 天前1,545,136次观看',
  'play_duration' => '0:12',
  'video_title' => 'Weather boi',
  'video_url' => 'https://www.youtube.com/watch?v=py44k46RR_0',
)array (
  'video_cover' => 'https://i.ytimg.com/vi/kFQUlA-G0N4/hqdefault.jpg?sqp=-oaymwEWCMQBEG5IWvKriqkDCQgBFQAAiEIYAQ==&rs=AOn4CLDw7ZBl6ob0wqnCgRydGMJOIhZTPg',
  'video_update_time' => '1 天前1,796,492次观看',
  'play_duration' => '6:26',
  'video_title' => 'What Girls Mean When They Hug You',
  'video_url' => 'https://www.youtube.com/watch?v=B0LQnISxLS8',
)array (
  'video_cover' => 'https://i.ytimg.com/vi/kFQUlA-G0N4/hqdefault.jpg?sqp=-oaymwEWCMQBEG5IWvKriqkDCQgBFQAAiEIYAQ==&rs=AOn4CLDw7ZBl6ob0wqnCgRydGMJOIhZTPg',
  'video_update_time' => '2 天前188,523次观看',
  'play_duration' => '1:05',
  'video_title' => 'NRA Ad',
  'video_url' => 'https://www.youtube.com/watch?v=PrnIVVWtAag',
)array (
  'video_cover' => 'https://i.ytimg.com/vi/kFQUlA-G0N4/hqdefault.jpg?sqp=-oaymwEWCMQBEG5IWvKriqkDCQgBFQAAiEIYAQ==&rs=AOn4CLDw7ZBl6ob0wqnCgRydGMJOIhZTPg',
  'video_update_time' => '1 天前56,415次观看',
  'play_duration' => '8:52',
  'video_title' => 'THE MOST FAMOUS THAI RESTAURANT IN AMERICA?! - Fung Bros Food',
  'video_url' => 'https://www.youtube.com/watch?v=snKwYmQ-k-M',
)array (
  'video_cover' => 'https://i.ytimg.com/vi/kFQUlA-G0N4/hqdefault.jpg?sqp=-oaymwEWCMQBEG5IWvKriqkDCQgBFQAAiEIYAQ==&rs=AOn4CLDw7ZBl6ob0wqnCgRydGMJOIhZTPg',
  'video_update_time' => '1 天前41,246次观看',
  'play_duration' => '14:07',
  'video_title' => 'TUCKER CARLSON REACTS TO MSM MELTING DOWN OVER TRUMP TWEET',
  'video_url' => 'https://www.youtube.com/watch?v=W_p_LAGrH18',
)array (
  'video_cover' => 'https://i.ytimg.com/vi/kFQUlA-G0N4/hqdefault.jpg?sqp=-oaymwEWCMQBEG5IWvKriqkDCQgBFQAAiEIYAQ==&rs=AOn4CLDw7ZBl6ob0wqnCgRydGMJOIhZTPg',
  'video_update_time' => '2 天前950,150次观看',
  'play_duration' => '6:54',
  'video_title' => 'The xx - I Dare You (Official Music Video)',
  'video_url' => 'https://www.youtube.com/watch?v=qqflFMhkqHM',
)array (
  'video_cover' => 'https://i.ytimg.com/vi/kFQUlA-G0N4/hqdefault.jpg?sqp=-oaymwEWCMQBEG5IWvKriqkDCQgBFQAAiEIYAQ==&rs=AOn4CLDw7ZBl6ob0wqnCgRydGMJOIhZTPg',
  'video_update_time' => '1 天前36,197次观看',
  'play_duration' => '3:06',
  'video_title' => 'Dylan Scott - Hooked (Official Music Video)',
  'video_url' => 'https://www.youtube.com/watch?v=b33QoUhqwdQ',
)array (
  'video_cover' => 'https://i.ytimg.com/vi/kFQUlA-G0N4/hqdefault.jpg?sqp=-oaymwEWCMQBEG5IWvKriqkDCQgBFQAAiEIYAQ==&rs=AOn4CLDw7ZBl6ob0wqnCgRydGMJOIhZTPg',
  'video_update_time' => '1 天前20,437次观看',
  'play_duration' => '1:55',
  'video_title' => '100 Years of Beauty: Vietnam (Isabelle)',
  'video_url' => 'https://www.youtube.com/watch?v=ffoJYtbxCeE',
)array (
  'video_cover' => 'https://i.ytimg.com/vi/kFQUlA-G0N4/hqdefault.jpg?sqp=-oaymwEWCMQBEG5IWvKriqkDCQgBFQAAiEIYAQ==&rs=AOn4CLDw7ZBl6ob0wqnCgRydGMJOIhZTPg',
  'video_update_time' => '3 天前9,734,692次观看',
  'play_duration' => '3:34',
  'video_title' => 'Kendrick Lamar - ELEMENT.',
  'video_url' => 'https://www.youtube.com/watch?v=glaG64Ao7sM',
)array (
  'video_cover' => 'https://i.ytimg.com/vi/kFQUlA-G0N4/hqdefault.jpg?sqp=-oaymwEWCMQBEG5IWvKriqkDCQgBFQAAiEIYAQ==&rs=AOn4CLDw7ZBl6ob0wqnCgRydGMJOIhZTPg',
  'video_update_time' => '2 天前1,472,423次观看',
  'play_duration' => '3:55',
  'video_title' => 'Van Jones: Russia is “Nothing burger”– American Pravda: CNN Part 2',
  'video_url' => 'https://www.youtube.com/watch?v=l2G360HrSAs',
)array (
  'video_cover' => 'https://i.ytimg.com/vi/kFQUlA-G0N4/hqdefault.jpg?sqp=-oaymwEWCMQBEG5IWvKriqkDCQgBFQAAiEIYAQ==&rs=AOn4CLDw7ZBl6ob0wqnCgRydGMJOIhZTPg',
  'video_update_time' => '5 天前5,099,719次观看',
  'play_duration' => '27:15',
  'video_title' => 'Vaccines: Last Week Tonight with John Oliver (HBO)',
  'video_url' => 'https://www.youtube.com/watch?v=7VG_s2PCH_c',
)array (
  'video_cover' => 'https://i.ytimg.com/vi/kFQUlA-G0N4/hqdefault.jpg?sqp=-oaymwEWCMQBEG5IWvKriqkDCQgBFQAAiEIYAQ==&rs=AOn4CLDw7ZBl6ob0wqnCgRydGMJOIhZTPg',
  'video_update_time' => '3 天前1,587,469次观看',
  'play_duration' => '6:08',
  'video_title' => 'The Hamilton Mixtape: Immigrants (We Get The Job Done)',
  'video_url' => 'https://www.youtube.com/watch?v=6_35a7sn6ds',
)array (
  'video_cover' => 'https://i.ytimg.com/vi/kFQUlA-G0N4/hqdefault.jpg?sqp=-oaymwEWCMQBEG5IWvKriqkDCQgBFQAAiEIYAQ==&rs=AOn4CLDw7ZBl6ob0wqnCgRydGMJOIhZTPg',
  'video_update_time' => '4 天前2,886,021次观看',
  'play_duration' => '1:12',
  'video_title' => 'The Milk Man - Cyanide & Happiness Minis',
  'video_url' => 'https://www.youtube.com/watch?v=Zz4FLjMEKf4',
)array (
  'video_cover' => 'https://i.ytimg.com/vi/kFQUlA-G0N4/hqdefault.jpg?sqp=-oaymwEWCMQBEG5IWvKriqkDCQgBFQAAiEIYAQ==&rs=AOn4CLDw7ZBl6ob0wqnCgRydGMJOIhZTPg',
  'video_update_time' => '3 天前4,842,811次观看',
  'play_duration' => '13:41',
  'video_title' => 'GIANT SALAMANDER FOUND!',
  'video_url' => 'https://www.youtube.com/watch?v=k17NmE6LLG8',
)array (
  'video_cover' => 'https://i.ytimg.com/vi/kFQUlA-G0N4/hqdefault.jpg?sqp=-oaymwEWCMQBEG5IWvKriqkDCQgBFQAAiEIYAQ==&rs=AOn4CLDw7ZBl6ob0wqnCgRydGMJOIhZTPg',
  'video_update_time' => '6 天前7,533,559次观看',
  'play_duration' => '2:28',
  'video_title' => 'Pitch Perfect 3 - Official Trailer [HD]',
  'video_url' => 'https://www.youtube.com/watch?v=Hihto8onbUU',
)array (
  'video_cover' => 'https://i.ytimg.com/vi/kFQUlA-G0N4/hqdefault.jpg?sqp=-oaymwEWCMQBEG5IWvKriqkDCQgBFQAAiEIYAQ==&rs=AOn4CLDw7ZBl6ob0wqnCgRydGMJOIhZTPg',
  'video_update_time' => '4 天前777,560次观看',
  'play_duration' => '6:04',
  'video_title' => 'Binging with Babish: Cocktail Special',
  'video_url' => 'https://www.youtube.com/watch?v=v5tJBLfeurU',
)array (
  'video_cover' => 'https://i.ytimg.com/vi/kFQUlA-G0N4/hqdefault.jpg?sqp=-oaymwEWCMQBEG5IWvKriqkDCQgBFQAAiEIYAQ==&rs=AOn4CLDw7ZBl6ob0wqnCgRydGMJOIhZTPg',
  'video_update_time' => '5 天前4,413,129次观看',
  'play_duration' => '5:47',
  'video_title' => 'Tattoo Artists Critique Rihanna, Justin Bieber, and More Celebrity Tattoos | GQ',
  'video_url' => 'https://www.youtube.com/watch?v=qzlGB3eOjlU',
)array (
  'video_cover' => 'https://i.ytimg.com/vi/kFQUlA-G0N4/hqdefault.jpg?sqp=-oaymwEWCMQBEG5IWvKriqkDCQgBFQAAiEIYAQ==&rs=AOn4CLDw7ZBl6ob0wqnCgRydGMJOIhZTPg',
  'video_update_time' => '3 天前2,294,038次观看',
  'play_duration' => '1:28',
  'video_title' => 'My longest hello everybody ever',
  'video_url' => 'https://www.youtube.com/watch?v=BptxiIJhGd4',
)array (
  'video_cover' => 'https://i.ytimg.com/vi/kFQUlA-G0N4/hqdefault.jpg?sqp=-oaymwEWCMQBEG5IWvKriqkDCQgBFQAAiEIYAQ==&rs=AOn4CLDw7ZBl6ob0wqnCgRydGMJOIhZTPg',
  'video_update_time' => '3 天前4,168,793次观看',
  'play_duration' => '4:54',
  'video_title' => 'Simon Cowell Shows Amazing HEART Steps In To Save Dog Trainer | America’s Got Talent 2017',
  'video_url' => 'https://www.youtube.com/watch?v=uDQtTfAn5hk',
)array (
  'video_cover' => 'https://i.ytimg.com/vi/kFQUlA-G0N4/hqdefault.jpg?sqp=-oaymwEWCMQBEG5IWvKriqkDCQgBFQAAiEIYAQ==&rs=AOn4CLDw7ZBl6ob0wqnCgRydGMJOIhZTPg',
  'video_update_time' => '3 天前3,973,706次观看',
  'play_duration' => '2:24',
  'video_title' => 'The Greatest Showman | Official Trailer | 20th Century FOX',
  'video_url' => 'https://www.youtube.com/watch?v=AXCTMGYUg9A',
)array (
  'video_cover' => 'https://i.ytimg.com/vi/kFQUlA-G0N4/hqdefault.jpg?sqp=-oaymwEWCMQBEG5IWvKriqkDCQgBFQAAiEIYAQ==&rs=AOn4CLDw7ZBl6ob0wqnCgRydGMJOIhZTPg',
  'video_update_time' => '1周前3,050,798次观看',
  'play_duration' => '3:08',
  'video_title' => 'Toby Keith - Wacky Tobaccy',
  'video_url' => 'https://www.youtube.com/watch?v=2kGEhX_s2_g',
)array (
  'video_cover' => 'https://i.ytimg.com/vi/kFQUlA-G0N4/hqdefault.jpg?sqp=-oaymwEWCMQBEG5IWvKriqkDCQgBFQAAiEIYAQ==&rs=AOn4CLDw7ZBl6ob0wqnCgRydGMJOIhZTPg',
  'video_update_time' => '直播时间：1周前1,049,719次观看',
  'play_duration' => '53:24',
  'video_title' => 'BulgariaSat-1 Launch Webcast',
  'video_url' => 'https://www.youtube.com/watch?v=Y8mLi-rRTh8',
)array (
  'video_cover' => 'https://i.ytimg.com/vi/kFQUlA-G0N4/hqdefault.jpg?sqp=-oaymwEWCMQBEG5IWvKriqkDCQgBFQAAiEIYAQ==&rs=AOn4CLDw7ZBl6ob0wqnCgRydGMJOIhZTPg',
  'video_update_time' => '5 天前1,570,995次观看',
  'play_duration' => '4:05',
  'video_title' => 'Casually Explained: Finding The One',
  'video_url' => 'https://www.youtube.com/watch?v=TgHtp16pXfg',
)array (
  'video_cover' => 'https://i.ytimg.com/vi/kFQUlA-G0N4/hqdefault.jpg?sqp=-oaymwEWCMQBEG5IWvKriqkDCQgBFQAAiEIYAQ==&rs=AOn4CLDw7ZBl6ob0wqnCgRydGMJOIhZTPg',
  'video_update_time' => '3 天前1,141,508次观看',
  'play_duration' => '16:18',
  'video_title' => 'Exclusive: Lamar Odom Talks Sobriety & Kardashians',
  'video_url' => 'https://www.youtube.com/watch?v=kwxJxdfpEYY',
)array (
  'video_cover' => 'https://i.ytimg.com/vi/kFQUlA-G0N4/hqdefault.jpg?sqp=-oaymwEWCMQBEG5IWvKriqkDCQgBFQAAiEIYAQ==&rs=AOn4CLDw7ZBl6ob0wqnCgRydGMJOIhZTPg',
  'video_update_time' => '2 天前531,520次观看',
  'play_duration' => '5:56',
  'video_title' => 'Medicaid\'s Last Stand | June 28, 2017 Part 1 | Full Frontal on TBS',
  'video_url' => 'https://www.youtube.com/watch?v=0EzEMsZFrXY',
)array (
  'video_cover' => 'https://i.ytimg.com/vi/kFQUlA-G0N4/hqdefault.jpg?sqp=-oaymwEWCMQBEG5IWvKriqkDCQgBFQAAiEIYAQ==&rs=AOn4CLDw7ZBl6ob0wqnCgRydGMJOIhZTPg',
  'video_update_time' => '4 天前1,458,763次观看',
  'play_duration' => '17:03',
  'video_title' => 'The TRUTH about KIM KARDASHIAN CONTOUR + HIGHLIGHT KIT',
  'video_url' => 'https://www.youtube.com/watch?v=lQ0HaBWk9Lk',
)array (
  'video_cover' => 'https://i.ytimg.com/vi/kFQUlA-G0N4/hqdefault.jpg?sqp=-oaymwEWCMQBEG5IWvKriqkDCQgBFQAAiEIYAQ==&rs=AOn4CLDw7ZBl6ob0wqnCgRydGMJOIhZTPg',
  'video_update_time' => '2 天前974,890次观看',
  'play_duration' => '14:32',
  'video_title' => 'I CUT MY OWN HAIR! Carli Bybel',
  'video_url' => 'https://www.youtube.com/watch?v=67ts0xgn7Lw',
)array (
  'video_cover' => 'https://i.ytimg.com/vi/kFQUlA-G0N4/hqdefault.jpg?sqp=-oaymwEWCMQBEG5IWvKriqkDCQgBFQAAiEIYAQ==&rs=AOn4CLDw7ZBl6ob0wqnCgRydGMJOIhZTPg',
  'video_update_time' => '4 天前1,454,202次观看',
  'play_duration' => '4:21',
  'video_title' => 'LaVar Ball takes over “Miz TV”: Raw, June 26, 2017',
  'video_url' => 'https://www.youtube.com/watch?v=yq_h8Y6ecnQ',
)array (
  'video_cover' => 'https://i.ytimg.com/vi/kFQUlA-G0N4/hqdefault.jpg?sqp=-oaymwEWCMQBEG5IWvKriqkDCQgBFQAAiEIYAQ==&rs=AOn4CLDw7ZBl6ob0wqnCgRydGMJOIhZTPg',
  'video_update_time' => '4 天前547,952次观看',
  'play_duration' => '6:06',
  'video_title' => 'Nicki Minaj Full Performance NBA Awards 2017',
  'video_url' => 'https://www.youtube.com/watch?v=1rcBq0cnwXI',
)array (
  'video_cover' => 'https://i.ytimg.com/vi/kFQUlA-G0N4/hqdefault.jpg?sqp=-oaymwEWCMQBEG5IWvKriqkDCQgBFQAAiEIYAQ==&rs=AOn4CLDw7ZBl6ob0wqnCgRydGMJOIhZTPg',
  'video_update_time' => '3 天前4,003,514次观看',
  'play_duration' => '3:41',
  'video_title' => 'Johnny Manuel: Guy Covers Whitney Houston\'s "I Have Nothing" - America\'s Got Talent 2017',
  'video_url' => 'https://www.youtube.com/watch?v=72WMprLONBQ',
)array (
)array (
)array (
)array (
)array (
)array (
)array (
)array (
)array (
)array (
)array (
)array (
)array (
)array (
)array (
)array (
)array (
)array (
)array (
)array (
)array (
)array (
)array (
)array (
)array (
)array (
)array (
)array (
)array (
)array (
)array (
)array (
)array (
)array (
)array (
)array (
)array (
)array (
)array (
)array (
)array (
)array (
)array (
)array (
)array (
)array (
)array (
)array (
)array (
)array (
)array (
)array (
)array (
)array (
)array (
)array (
)array (
)array (
)array (
)array (
)array (
)array (
)array (
)array (
)array (
)array (
)array (
)array (
)array (
)array (
)array (
)array (
)array (
)array (
)array (
)array (
)array (
)array (
)array (
)array (
)array (
)array (
)array (
)array (
)array (
)array (
)array (
)array (
)array (
)array (
)array (
)array (
)array (
)array (
)array (
)array (
)array (
)array (
)array (
)array (
)array (
)array (
)array (
)array (
)array (
)array (
)array (
)array (
)array (
)array (
)array (
)array (
)array (
)array (
)array (
)array (
)array (
)array (
)array (
)array (
)array (
)array (
)array (
)array (
)array (
)array (
)array (
)array (
)array (
)array (
)array (
)array (
)array (
)array (
)array (
)array (
)array (
)array (
)array (
)array (
)array (
)array (
)array (
)array (
)array (
)array (
)array (
)array (
)array (
)array (
)array (
)array (
)array (
  'video_cover' => 'https://i.ytimg.com/vi/DeAw6aXHzcY/hqdefault.jpg?sqp=-oaymwEWCMQBEG5IWvKriqkDCQgBFQAAiEIYAQ==&rs=AOn4CLDSCQkZNifFuu3vjmxQ5-2Bx1D40A',
  'play_duration' => '1:36',
  'video_title' => 'Rick and Morty Season 3 Trailer | Rick and Morty | Adult Swim',
  'video_url' => 'https://www.youtube.com/watch?v=DeAw6aXHzcY',
  'video_time_content' => '1 天前4,485,106次观看',
)array (
  'video_cover' => 'https://i.ytimg.com/vi/L7YrTk-Y0a0/hqdefault.jpg?sqp=-oaymwEWCMQBEG5IWvKriqkDCQgBFQAAiEIYAQ==&rs=AOn4CLCTNoPqAxat4TbMLLn0dSWb6jVrRA',
  'play_duration' => '5:31',
  'video_title' => 'Stephen: \'This Is What\'s Wrong With The American President\'',
  'video_url' => 'https://www.youtube.com/watch?v=L7YrTk-Y0a0',
  'video_time_content' => '1 天前1,957,951次观看',
)array (
  'video_cover' => 'https://i.ytimg.com/vi/uNwQK_HIHRU/hqdefault.jpg?sqp=-oaymwEWCMQBEG5IWvKriqkDCQgBFQAAiEIYAQ==&rs=AOn4CLDeWmK6aZk5rCNaU7BTX9YUEqjDNQ',
  'play_duration' => '0:18',
  'video_title' => 'Man falls off Motorcycle',
  'video_url' => 'https://www.youtube.com/watch?v=uNwQK_HIHRU',
  'video_time_content' => '23 小时前177,973次观看',
)array (
  'video_cover' => 'https://i.ytimg.com/vi/2QKg5SZ_35I/hqdefault.jpg?sqp=-oaymwEWCMQBEG5IWvKriqkDCQgBFQAAiEIYAQ==&rs=AOn4CLDco_hyzpdAkD1yw7f7cABUyXyaFw',
  'play_duration' => '2:46',
  'video_title' => 'JUMANJI: WELCOME TO THE JUNGLE - Official Trailer (HD)',
  'video_url' => 'https://www.youtube.com/watch?v=2QKg5SZ_35I',
  'video_time_content' => '2 天前6,027,808次观看',
)array (
  'video_cover' => 'https://i.ytimg.com/vi/VYtJAuoZxcc/hqdefault.jpg?sqp=-oaymwEWCMQBEG5IWvKriqkDCQgBFQAAiEIYAQ==&rs=AOn4CLDizhGgqsDUC9BV_6ZcSvZmxHZDOw',
  'play_duration' => '3:34',
  'video_title' => 'Una Lady Como Tú - MTZ Manuel Turizo | Video Oficial',
  'video_url' => 'https://www.youtube.com/watch?v=VYtJAuoZxcc',
  'video_time_content' => '3 个月前85,072,934次观看',
)array (
  'video_cover' => 'https://i.ytimg.com/vi/kFQUlA-G0N4/hqdefault.jpg?sqp=-oaymwEWCMQBEG5IWvKriqkDCQgBFQAAiEIYAQ==&rs=AOn4CLDw7ZBl6ob0wqnCgRydGMJOIhZTPg',
  'play_duration' => '18:41',
  'video_title' => 'Everything Wrong With Despicable Me 2 In 16 Minutes Or Less',
  'video_url' => 'https://www.youtube.com/watch?v=kFQUlA-G0N4',
  'video_time_content' => '1 天前2,557,743次观看',
)array (
  'video_cover' => 'https://i.ytimg.com/vi/kFQUlA-G0N4/hqdefault.jpg?sqp=-oaymwEWCMQBEG5IWvKriqkDCQgBFQAAiEIYAQ==&rs=AOn4CLDw7ZBl6ob0wqnCgRydGMJOIhZTPg',
  'play_duration' => '1:57',
  'video_title' => 'Marvel\'s Inhumans - Official Trailer 1',
  'video_url' => 'https://www.youtube.com/watch?v=1sYF1SXcWqQ',
  'video_time_content' => '2 天前5,068,667次观看',
)array (
  'video_cover' => 'https://i.ytimg.com/vi/kFQUlA-G0N4/hqdefault.jpg?sqp=-oaymwEWCMQBEG5IWvKriqkDCQgBFQAAiEIYAQ==&rs=AOn4CLDw7ZBl6ob0wqnCgRydGMJOIhZTPg',
  'play_duration' => '3:06',
  'video_title' => 'J. Balvin, Willy William - Mi Gente',
  'video_url' => 'https://www.youtube.com/watch?v=wnJ6LuUFpMo',
  'video_time_content' => '1 天前16,347,247次观看',
)array (
  'video_cover' => 'https://i.ytimg.com/vi/kFQUlA-G0N4/hqdefault.jpg?sqp=-oaymwEWCMQBEG5IWvKriqkDCQgBFQAAiEIYAQ==&rs=AOn4CLDw7ZBl6ob0wqnCgRydGMJOIhZTPg',
  'play_duration' => '10:50',
  'video_title' => 'Trump Doesn\'t Seem to Know Anything About Health Care: A Closer Look',
  'video_url' => 'https://www.youtube.com/watch?v=GO9JMR2m8O0',
  'video_time_content' => '1 天前1,608,990次观看',
)array (
  'video_cover' => 'https://i.ytimg.com/vi/kFQUlA-G0N4/hqdefault.jpg?sqp=-oaymwEWCMQBEG5IWvKriqkDCQgBFQAAiEIYAQ==&rs=AOn4CLDw7ZBl6ob0wqnCgRydGMJOIhZTPg',
  'play_duration' => '5:13',
  'video_title' => 'READING MEAN COMMENTS!! I\'LL BE OKAY!',
  'video_url' => 'https://www.youtube.com/watch?v=nIJ0qhfQ_Hc',
  'video_time_content' => '1 天前5,459,914次观看',
)array (
  'video_cover' => 'https://i.ytimg.com/vi/kFQUlA-G0N4/hqdefault.jpg?sqp=-oaymwEWCMQBEG5IWvKriqkDCQgBFQAAiEIYAQ==&rs=AOn4CLDw7ZBl6ob0wqnCgRydGMJOIhZTPg',
  'play_duration' => '12:24',
  'video_title' => 'Things Dark Skin People CAN\'T DO! And Other Lies/Myths | Jackie Aina',
  'video_url' => 'https://www.youtube.com/watch?v=N7IvoAqae68',
  'video_time_content' => '16 小时前196,032次观看',
)array (
  'video_cover' => 'https://i.ytimg.com/vi/kFQUlA-G0N4/hqdefault.jpg?sqp=-oaymwEWCMQBEG5IWvKriqkDCQgBFQAAiEIYAQ==&rs=AOn4CLDw7ZBl6ob0wqnCgRydGMJOIhZTPg',
  'play_duration' => '5:46',
  'video_title' => 'How To Make ICE BALLS for the Summer!',
  'video_url' => 'https://www.youtube.com/watch?v=Wv7T_Rh0lp4',
  'video_time_content' => '1 天前202,818次观看',
)array (
  'video_cover' => 'https://i.ytimg.com/vi/kFQUlA-G0N4/hqdefault.jpg?sqp=-oaymwEWCMQBEG5IWvKriqkDCQgBFQAAiEIYAQ==&rs=AOn4CLDw7ZBl6ob0wqnCgRydGMJOIhZTPg',
  'play_duration' => '0:30',
  'video_title' => 'Leon Goretzka scores two quick goals vs. Mexico | 2017 FIFA Confederations Cup Highlights',
  'video_url' => 'https://www.youtube.com/watch?v=j416AevhcVU',
  'video_time_content' => '1 天前596,978次观看',
)array (
  'video_cover' => 'https://i.ytimg.com/vi/kFQUlA-G0N4/hqdefault.jpg?sqp=-oaymwEWCMQBEG5IWvKriqkDCQgBFQAAiEIYAQ==&rs=AOn4CLDw7ZBl6ob0wqnCgRydGMJOIhZTPg',
  'play_duration' => '6:54',
  'video_title' => 'Why Do Cameras Do This? (Rolling Shutter Explained) - Smarter Every Day 172',
  'video_url' => 'https://www.youtube.com/watch?v=dNVtMmLlnoE',
  'video_time_content' => '1 天前713,405次观看',
)array (
  'video_cover' => 'https://i.ytimg.com/vi/kFQUlA-G0N4/hqdefault.jpg?sqp=-oaymwEWCMQBEG5IWvKriqkDCQgBFQAAiEIYAQ==&rs=AOn4CLDw7ZBl6ob0wqnCgRydGMJOIhZTPg',
  'play_duration' => '6:54',
  'video_title' => 'https://www.youtube.com/watch?v=eMJFpj-0ogA',
  'video_url' => 'https://www.youtube.com/watch?v=eMJFpj-0ogA',
  'video_time_content' => '1 天前713,405次观看',
)array (
  'video_cover' => 'https://i.ytimg.com/vi/kFQUlA-G0N4/hqdefault.jpg?sqp=-oaymwEWCMQBEG5IWvKriqkDCQgBFQAAiEIYAQ==&rs=AOn4CLDw7ZBl6ob0wqnCgRydGMJOIhZTPg',
  'play_duration' => '2:18',
  'video_title' => 'Death Note | Official Trailer [HD] | Netflix',
  'video_url' => 'https://www.youtube.com/watch?v=gvxNaSIB_WI',
  'video_time_content' => '2 天前1,771,348次观看',
)array (
  'video_cover' => 'https://i.ytimg.com/vi/kFQUlA-G0N4/hqdefault.jpg?sqp=-oaymwEWCMQBEG5IWvKriqkDCQgBFQAAiEIYAQ==&rs=AOn4CLDw7ZBl6ob0wqnCgRydGMJOIhZTPg',
  'play_duration' => '1:55',
  'video_title' => 'Waiting Game - Simon\'s Cat',
  'video_url' => 'https://www.youtube.com/watch?v=TayIfVa0QPs',
  'video_time_content' => '1 天前271,060次观看',
)array (
  'video_cover' => 'https://i.ytimg.com/vi/kFQUlA-G0N4/hqdefault.jpg?sqp=-oaymwEWCMQBEG5IWvKriqkDCQgBFQAAiEIYAQ==&rs=AOn4CLDw7ZBl6ob0wqnCgRydGMJOIhZTPg',
  'play_duration' => '3:22',
  'video_title' => 'Neil Young + Promise of the Real - Children of Destiny (Official Music Video)',
  'video_url' => 'https://www.youtube.com/watch?v=4RKBUG9VLFU',
  'video_time_content' => '22 小时前54,008次观看',
)array (
  'video_cover' => 'https://i.ytimg.com/vi/kFQUlA-G0N4/hqdefault.jpg?sqp=-oaymwEWCMQBEG5IWvKriqkDCQgBFQAAiEIYAQ==&rs=AOn4CLDw7ZBl6ob0wqnCgRydGMJOIhZTPg',
  'play_duration' => '20:12',
  'video_title' => 'WASTEFUL or TASTEFUL? | 10 Unique Target Items',
  'video_url' => 'https://www.youtube.com/watch?v=mRyJpB1frvc',
  'video_time_content' => '1 天前1,643,974次观看',
)array (
  'video_cover' => 'https://i.ytimg.com/vi/kFQUlA-G0N4/hqdefault.jpg?sqp=-oaymwEWCMQBEG5IWvKriqkDCQgBFQAAiEIYAQ==&rs=AOn4CLDw7ZBl6ob0wqnCgRydGMJOIhZTPg',
  'play_duration' => '20:12',
  'video_title' => 'https://www.youtube.com/watch?v=lEKujVA_uBQ&list=PL15dtrx_ng4RZH3aop96cWRW7CZU-uqDe&index=7',
  'video_url' => 'https://www.youtube.com/watch?v=lEKujVA_uBQ&list=PL15dtrx_ng4RZH3aop96cWRW7CZU-uqDe&index=7',
  'video_time_content' => '1 天前1,643,974次观看',
)array (
  'video_cover' => 'https://i.ytimg.com/vi/kFQUlA-G0N4/hqdefault.jpg?sqp=-oaymwEWCMQBEG5IWvKriqkDCQgBFQAAiEIYAQ==&rs=AOn4CLDw7ZBl6ob0wqnCgRydGMJOIhZTPg',
  'play_duration' => '3:39',
  'video_title' => 'Eyes Made of Crystal? - Trilobites are Bizarre',
  'video_url' => 'https://www.youtube.com/watch?v=VZLsbIAxmmA',
  'video_time_content' => '22 小时前117,980次观看',
)array (
  'video_cover' => 'https://i.ytimg.com/vi/kFQUlA-G0N4/hqdefault.jpg?sqp=-oaymwEWCMQBEG5IWvKriqkDCQgBFQAAiEIYAQ==&rs=AOn4CLDw7ZBl6ob0wqnCgRydGMJOIhZTPg',
  'play_duration' => '3:30',
  'video_title' => 'IMAGINARY PARTIES by SUPERFRUIT',
  'video_url' => 'https://www.youtube.com/watch?v=x8N5X-2xAbg',
  'video_time_content' => '1 天前330,047次观看',
)array (
  'video_cover' => 'https://i.ytimg.com/vi/kFQUlA-G0N4/hqdefault.jpg?sqp=-oaymwEWCMQBEG5IWvKriqkDCQgBFQAAiEIYAQ==&rs=AOn4CLDw7ZBl6ob0wqnCgRydGMJOIhZTPg',
  'play_duration' => '3:52',
  'video_title' => 'Calvin Harris - Slide (Official Audio) ft. Frank Ocean, Migos',
  'video_url' => 'https://www.youtube.com/watch?v=8Ee4QjCEHHc',
  'video_time_content' => '1 天前1,918,745次观看',
)array (
  'video_cover' => 'https://i.ytimg.com/vi/kFQUlA-G0N4/hqdefault.jpg?sqp=-oaymwEWCMQBEG5IWvKriqkDCQgBFQAAiEIYAQ==&rs=AOn4CLDw7ZBl6ob0wqnCgRydGMJOIhZTPg',
  'play_duration' => '6:05',
  'video_title' => 'Will Ferrell & Amy Poehler Answer the Web\'s Most Searched Questions | WIRED',
  'video_url' => 'https://www.youtube.com/watch?v=k___aVjwEXs',
  'video_time_content' => '2 天前1,170,527次观看',
)array (
  'video_cover' => 'https://i.ytimg.com/vi/kFQUlA-G0N4/hqdefault.jpg?sqp=-oaymwEWCMQBEG5IWvKriqkDCQgBFQAAiEIYAQ==&rs=AOn4CLDw7ZBl6ob0wqnCgRydGMJOIhZTPg',
  'play_duration' => '2:15',
  'video_title' => 'Chance the Rapper Made the Best WNO Show In History | Wild \'N Out',
  'video_url' => 'https://www.youtube.com/watch?v=OeWX7KY50Ps',
  'video_time_content' => '2 天前1,150,039次观看',
)array (
  'video_cover' => 'https://i.ytimg.com/vi/kFQUlA-G0N4/hqdefault.jpg?sqp=-oaymwEWCMQBEG5IWvKriqkDCQgBFQAAiEIYAQ==&rs=AOn4CLDw7ZBl6ob0wqnCgRydGMJOIhZTPg',
  'play_duration' => '7:11',
  'video_title' => 'ELEMENT: How Kendrick Lamar Collaborates',
  'video_url' => 'https://www.youtube.com/watch?v=kqGKMaCAao4',
  'video_time_content' => '1 天前288,301次观看',
)array (
  'video_cover' => 'https://i.ytimg.com/vi/kFQUlA-G0N4/hqdefault.jpg?sqp=-oaymwEWCMQBEG5IWvKriqkDCQgBFQAAiEIYAQ==&rs=AOn4CLDw7ZBl6ob0wqnCgRydGMJOIhZTPg',
  'play_duration' => '2:52',
  'video_title' => 'Breathe Official Trailer #1 (2017) Andrew Garfield, Claire Foy Biography Movie HD',
  'video_url' => 'https://www.youtube.com/watch?v=7_YnYrLfjxA',
  'video_time_content' => '2 天前1,633,423次观看',
)array (
  'video_cover' => 'https://i.ytimg.com/vi/kFQUlA-G0N4/hqdefault.jpg?sqp=-oaymwEWCMQBEG5IWvKriqkDCQgBFQAAiEIYAQ==&rs=AOn4CLDw7ZBl6ob0wqnCgRydGMJOIhZTPg',
  'play_duration' => '2:09',
  'video_title' => '13 men wrote a health care bill that would hurt women',
  'video_url' => 'https://www.youtube.com/watch?v=vly2iHFtOTE',
  'video_time_content' => '1 天前150,195次观看',
)array (
  'video_cover' => 'https://i.ytimg.com/vi/kFQUlA-G0N4/hqdefault.jpg?sqp=-oaymwEWCMQBEG5IWvKriqkDCQgBFQAAiEIYAQ==&rs=AOn4CLDw7ZBl6ob0wqnCgRydGMJOIhZTPg',
  'play_duration' => '12:35',
  'video_title' => 'How FNAF SCARES You! - Five Nights at Freddy\'s Break Down',
  'video_url' => 'https://www.youtube.com/watch?v=8ntV_pxQYZs',
  'video_time_content' => '1 天前1,147,497次观看',
)array (
  'video_cover' => 'https://i.ytimg.com/vi/kFQUlA-G0N4/hqdefault.jpg?sqp=-oaymwEWCMQBEG5IWvKriqkDCQgBFQAAiEIYAQ==&rs=AOn4CLDw7ZBl6ob0wqnCgRydGMJOIhZTPg',
  'play_duration' => '2:50',
  'video_title' => 'Tutorial: Watch Kim Do Half Her Face, While Mario Does the Other Half',
  'video_url' => 'https://www.youtube.com/watch?v=bqusap6i0go',
  'video_time_content' => '1 天前306,251次观看',
)array (
  'video_cover' => 'https://i.ytimg.com/vi/kFQUlA-G0N4/hqdefault.jpg?sqp=-oaymwEWCMQBEG5IWvKriqkDCQgBFQAAiEIYAQ==&rs=AOn4CLDw7ZBl6ob0wqnCgRydGMJOIhZTPg',
  'play_duration' => '4:32',
  'video_title' => 'Arcade Fire - Signs of Life (Official Video)',
  'video_url' => 'https://www.youtube.com/watch?v=_Dx4IAD1NLo',
  'video_time_content' => '1 天前340,040次观看',
)array (
  'video_cover' => 'https://i.ytimg.com/vi/kFQUlA-G0N4/hqdefault.jpg?sqp=-oaymwEWCMQBEG5IWvKriqkDCQgBFQAAiEIYAQ==&rs=AOn4CLDw7ZBl6ob0wqnCgRydGMJOIhZTPg',
  'play_duration' => '16:13',
  'video_title' => '11 Years on YouTube.',
  'video_url' => 'https://www.youtube.com/watch?v=j1h6XsIIQvc',
  'video_time_content' => '1 天前856,504次观看',
)array (
  'video_cover' => 'https://i.ytimg.com/vi/kFQUlA-G0N4/hqdefault.jpg?sqp=-oaymwEWCMQBEG5IWvKriqkDCQgBFQAAiEIYAQ==&rs=AOn4CLDw7ZBl6ob0wqnCgRydGMJOIhZTPg',
  'play_duration' => '8:25',
  'video_title' => '2,000G AQUARIUM LEAKED!!!',
  'video_url' => 'https://www.youtube.com/watch?v=HRS-aSgHdQc',
  'video_time_content' => '2 天前386,541次观看',
)array (
  'video_cover' => 'https://i.ytimg.com/vi/kFQUlA-G0N4/hqdefault.jpg?sqp=-oaymwEWCMQBEG5IWvKriqkDCQgBFQAAiEIYAQ==&rs=AOn4CLDw7ZBl6ob0wqnCgRydGMJOIhZTPg',
  'play_duration' => '8:25',
  'video_title' => 'https://www.youtube.com/watch?v=GytQ_XvmxI4',
  'video_url' => 'https://www.youtube.com/watch?v=GytQ_XvmxI4',
  'video_time_content' => '2 天前386,541次观看',
)array (
  'video_cover' => 'https://i.ytimg.com/vi/kFQUlA-G0N4/hqdefault.jpg?sqp=-oaymwEWCMQBEG5IWvKriqkDCQgBFQAAiEIYAQ==&rs=AOn4CLDw7ZBl6ob0wqnCgRydGMJOIhZTPg',
  'play_duration' => '0:21',
  'video_title' => 'Crazy Flushes Toilet',
  'video_url' => 'https://www.youtube.com/watch?v=-wTZRGnKHs0',
  'video_time_content' => '1年前156,450次观看',
)array (
  'video_cover' => 'https://i.ytimg.com/vi/kFQUlA-G0N4/hqdefault.jpg?sqp=-oaymwEWCMQBEG5IWvKriqkDCQgBFQAAiEIYAQ==&rs=AOn4CLDw7ZBl6ob0wqnCgRydGMJOIhZTPg',
  'play_duration' => '0:44',
  'video_title' => 'Don\'t put accelerants on bonfires',
  'video_url' => 'https://www.youtube.com/watch?v=Yig_zO8a35U',
  'video_time_content' => '1 天前116,432次观看',
)array (
  'video_cover' => 'https://i.ytimg.com/vi/kFQUlA-G0N4/hqdefault.jpg?sqp=-oaymwEWCMQBEG5IWvKriqkDCQgBFQAAiEIYAQ==&rs=AOn4CLDw7ZBl6ob0wqnCgRydGMJOIhZTPg',
  'play_duration' => '2:40',
  'video_title' => 'I\'m bisexual - a coming out song! | dodie (ad)',
  'video_url' => 'https://www.youtube.com/watch?v=SH_NwvdbecE',
  'video_time_content' => '1 天前334,859次观看',
)array (
  'video_cover' => 'https://i.ytimg.com/vi/kFQUlA-G0N4/hqdefault.jpg?sqp=-oaymwEWCMQBEG5IWvKriqkDCQgBFQAAiEIYAQ==&rs=AOn4CLDw7ZBl6ob0wqnCgRydGMJOIhZTPg',
  'play_duration' => '4:50',
  'video_title' => 'Alex Rodriguez Often Gets Mistaken for Jennifer Lopez\'s Security Guard',
  'video_url' => 'https://www.youtube.com/watch?v=grrsfLOg5_Y',
  'video_time_content' => '1 天前218,437次观看',
)array (
  'video_cover' => 'https://i.ytimg.com/vi/kFQUlA-G0N4/hqdefault.jpg?sqp=-oaymwEWCMQBEG5IWvKriqkDCQgBFQAAiEIYAQ==&rs=AOn4CLDw7ZBl6ob0wqnCgRydGMJOIhZTPg',
  'play_duration' => '13:28',
  'video_title' => 'Seth Rogen and Dominic Cooper Suffer While Eating Spicy Wings | Hot Ones',
  'video_url' => 'https://www.youtube.com/watch?v=QulEM-Azzug',
  'video_time_content' => '2 天前1,372,206次观看',
)array (
  'video_cover' => 'https://i.ytimg.com/vi/kFQUlA-G0N4/hqdefault.jpg?sqp=-oaymwEWCMQBEG5IWvKriqkDCQgBFQAAiEIYAQ==&rs=AOn4CLDw7ZBl6ob0wqnCgRydGMJOIhZTPg',
  'play_duration' => '4:06',
  'video_title' => 'EASY 10-MIN BUN + HALF DOWN CURLY STYLE! | hair how-to',
  'video_url' => 'https://www.youtube.com/watch?v=65OXZnTwfMA',
  'video_time_content' => '1 天前173,070次观看',
)array (
  'video_cover' => 'https://i.ytimg.com/vi/kFQUlA-G0N4/hqdefault.jpg?sqp=-oaymwEWCMQBEG5IWvKriqkDCQgBFQAAiEIYAQ==&rs=AOn4CLDw7ZBl6ob0wqnCgRydGMJOIhZTPg',
  'play_duration' => '1:09',
  'video_title' => 'Surfers Make an Infinity Wave Pool by Hand',
  'video_url' => 'https://www.youtube.com/watch?v=DtYEKvNwYwI',
  'video_time_content' => '2 天前304,680次观看',
)array (
  'video_cover' => 'https://i.ytimg.com/vi/kFQUlA-G0N4/hqdefault.jpg?sqp=-oaymwEWCMQBEG5IWvKriqkDCQgBFQAAiEIYAQ==&rs=AOn4CLDw7ZBl6ob0wqnCgRydGMJOIhZTPg',
  'play_duration' => '1:14',
  'video_title' => 'Bathroom Bullies - Cyanide & Happiness Shorts',
  'video_url' => 'https://www.youtube.com/watch?v=fjQ0lpY1OgM',
  'video_time_content' => '2 天前2,013,455次观看',
)array (
  'video_cover' => 'https://i.ytimg.com/vi/kFQUlA-G0N4/hqdefault.jpg?sqp=-oaymwEWCMQBEG5IWvKriqkDCQgBFQAAiEIYAQ==&rs=AOn4CLDw7ZBl6ob0wqnCgRydGMJOIhZTPg',
  'play_duration' => '21:19',
  'video_title' => 'SHANE DAWSON MAKEUP TUTORIAL | Jeffree Star',
  'video_url' => 'https://www.youtube.com/watch?v=2bhiiFwUdU8',
  'video_time_content' => '1 天前2,624,445次观看',
)array (
  'video_cover' => 'https://i.ytimg.com/vi/kFQUlA-G0N4/hqdefault.jpg?sqp=-oaymwEWCMQBEG5IWvKriqkDCQgBFQAAiEIYAQ==&rs=AOn4CLDw7ZBl6ob0wqnCgRydGMJOIhZTPg',
  'play_duration' => '10:10',
  'video_title' => '10 STRANGEST Subreddit Communities That Actually Exist',
  'video_url' => 'https://www.youtube.com/watch?v=_JAzDmUL1dY',
  'video_time_content' => '1 天前246,778次观看',
)array (
  'video_cover' => 'https://i.ytimg.com/vi/kFQUlA-G0N4/hqdefault.jpg?sqp=-oaymwEWCMQBEG5IWvKriqkDCQgBFQAAiEIYAQ==&rs=AOn4CLDw7ZBl6ob0wqnCgRydGMJOIhZTPg',
  'play_duration' => '2:25',
  'video_title' => 'POLAROID - Official Trailer',
  'video_url' => 'https://www.youtube.com/watch?v=3Zmk3z1ZJzA',
  'video_time_content' => '2 天前1,484,508次观看',
)array (
  'video_cover' => 'https://i.ytimg.com/vi/kFQUlA-G0N4/hqdefault.jpg?sqp=-oaymwEWCMQBEG5IWvKriqkDCQgBFQAAiEIYAQ==&rs=AOn4CLDw7ZBl6ob0wqnCgRydGMJOIhZTPg',
  'play_duration' => '9:33',
  'video_title' => 'Pixar Theory: The Origin Of Al\'s Toy Barn (ft. Mike Mozart)',
  'video_url' => 'https://www.youtube.com/watch?v=Z1_eXmEo7zM',
  'video_time_content' => '1 天前330,115次观看',
)array (
  'video_cover' => 'https://i.ytimg.com/vi/kFQUlA-G0N4/hqdefault.jpg?sqp=-oaymwEWCMQBEG5IWvKriqkDCQgBFQAAiEIYAQ==&rs=AOn4CLDw7ZBl6ob0wqnCgRydGMJOIhZTPg',
  'play_duration' => '0:48',
  'video_title' => 'The future is now: Russian military unveils next-generation combat suit',
  'video_url' => 'https://www.youtube.com/watch?v=K5_u-R3_dIg',
  'video_time_content' => '1 天前407,152次观看',
)array (
  'video_cover' => 'https://i.ytimg.com/vi/kFQUlA-G0N4/hqdefault.jpg?sqp=-oaymwEWCMQBEG5IWvKriqkDCQgBFQAAiEIYAQ==&rs=AOn4CLDw7ZBl6ob0wqnCgRydGMJOIhZTPg',
  'play_duration' => '0:12',
  'video_title' => 'Weather boi',
  'video_url' => 'https://www.youtube.com/watch?v=py44k46RR_0',
  'video_time_content' => '2 天前1,545,136次观看',
)array (
  'video_cover' => 'https://i.ytimg.com/vi/kFQUlA-G0N4/hqdefault.jpg?sqp=-oaymwEWCMQBEG5IWvKriqkDCQgBFQAAiEIYAQ==&rs=AOn4CLDw7ZBl6ob0wqnCgRydGMJOIhZTPg',
  'play_duration' => '8:52',
  'video_title' => 'THE MOST FAMOUS THAI RESTAURANT IN AMERICA?! - Fung Bros Food',
  'video_url' => 'https://www.youtube.com/watch?v=snKwYmQ-k-M',
  'video_time_content' => '1 天前56,415次观看',
)array (
  'video_cover' => 'https://i.ytimg.com/vi/kFQUlA-G0N4/hqdefault.jpg?sqp=-oaymwEWCMQBEG5IWvKriqkDCQgBFQAAiEIYAQ==&rs=AOn4CLDw7ZBl6ob0wqnCgRydGMJOIhZTPg',
  'play_duration' => '6:26',
  'video_title' => 'What Girls Mean When They Hug You',
  'video_url' => 'https://www.youtube.com/watch?v=B0LQnISxLS8',
  'video_time_content' => '1 天前1,796,492次观看',
)array (
  'video_cover' => 'https://i.ytimg.com/vi/kFQUlA-G0N4/hqdefault.jpg?sqp=-oaymwEWCMQBEG5IWvKriqkDCQgBFQAAiEIYAQ==&rs=AOn4CLDw7ZBl6ob0wqnCgRydGMJOIhZTPg',
  'play_duration' => '1:05',
  'video_title' => 'NRA Ad',
  'video_url' => 'https://www.youtube.com/watch?v=PrnIVVWtAag',
  'video_time_content' => '2 天前188,523次观看',
)array (
  'video_cover' => 'https://i.ytimg.com/vi/kFQUlA-G0N4/hqdefault.jpg?sqp=-oaymwEWCMQBEG5IWvKriqkDCQgBFQAAiEIYAQ==&rs=AOn4CLDw7ZBl6ob0wqnCgRydGMJOIhZTPg',
  'play_duration' => '14:07',
  'video_title' => 'TUCKER CARLSON REACTS TO MSM MELTING DOWN OVER TRUMP TWEET',
  'video_url' => 'https://www.youtube.com/watch?v=W_p_LAGrH18',
  'video_time_content' => '1 天前41,246次观看',
)array (
  'video_cover' => 'https://i.ytimg.com/vi/kFQUlA-G0N4/hqdefault.jpg?sqp=-oaymwEWCMQBEG5IWvKriqkDCQgBFQAAiEIYAQ==&rs=AOn4CLDw7ZBl6ob0wqnCgRydGMJOIhZTPg',
  'play_duration' => '6:54',
  'video_title' => 'The xx - I Dare You (Official Music Video)',
  'video_url' => 'https://www.youtube.com/watch?v=qqflFMhkqHM',
  'video_time_content' => '2 天前950,150次观看',
)array (
  'video_cover' => 'https://i.ytimg.com/vi/kFQUlA-G0N4/hqdefault.jpg?sqp=-oaymwEWCMQBEG5IWvKriqkDCQgBFQAAiEIYAQ==&rs=AOn4CLDw7ZBl6ob0wqnCgRydGMJOIhZTPg',
  'play_duration' => '3:06',
  'video_title' => 'Dylan Scott - Hooked (Official Music Video)',
  'video_url' => 'https://www.youtube.com/watch?v=b33QoUhqwdQ',
  'video_time_content' => '1 天前36,197次观看',
)array (
  'video_cover' => 'https://i.ytimg.com/vi/kFQUlA-G0N4/hqdefault.jpg?sqp=-oaymwEWCMQBEG5IWvKriqkDCQgBFQAAiEIYAQ==&rs=AOn4CLDw7ZBl6ob0wqnCgRydGMJOIhZTPg',
  'play_duration' => '3:34',
  'video_title' => 'Kendrick Lamar - ELEMENT.',
  'video_url' => 'https://www.youtube.com/watch?v=glaG64Ao7sM',
  'video_time_content' => '3 天前9,734,704次观看',
)array (
  'video_cover' => 'https://i.ytimg.com/vi/kFQUlA-G0N4/hqdefault.jpg?sqp=-oaymwEWCMQBEG5IWvKriqkDCQgBFQAAiEIYAQ==&rs=AOn4CLDw7ZBl6ob0wqnCgRydGMJOIhZTPg',
  'play_duration' => '3:55',
  'video_title' => 'Van Jones: Russia is “Nothing burger”– American Pravda: CNN Part 2',
  'video_url' => 'https://www.youtube.com/watch?v=l2G360HrSAs',
  'video_time_content' => '2 天前1,472,423次观看',
)array (
  'video_cover' => 'https://i.ytimg.com/vi/kFQUlA-G0N4/hqdefault.jpg?sqp=-oaymwEWCMQBEG5IWvKriqkDCQgBFQAAiEIYAQ==&rs=AOn4CLDw7ZBl6ob0wqnCgRydGMJOIhZTPg',
  'play_duration' => '27:15',
  'video_title' => 'Vaccines: Last Week Tonight with John Oliver (HBO)',
  'video_url' => 'https://www.youtube.com/watch?v=7VG_s2PCH_c',
  'video_time_content' => '5 天前5,099,740次观看',
)array (
  'video_cover' => 'https://i.ytimg.com/vi/kFQUlA-G0N4/hqdefault.jpg?sqp=-oaymwEWCMQBEG5IWvKriqkDCQgBFQAAiEIYAQ==&rs=AOn4CLDw7ZBl6ob0wqnCgRydGMJOIhZTPg',
  'play_duration' => '6:08',
  'video_title' => 'The Hamilton Mixtape: Immigrants (We Get The Job Done)',
  'video_url' => 'https://www.youtube.com/watch?v=6_35a7sn6ds',
  'video_time_content' => '3 天前1,587,475次观看',
)array (
  'video_cover' => 'https://i.ytimg.com/vi/kFQUlA-G0N4/hqdefault.jpg?sqp=-oaymwEWCMQBEG5IWvKriqkDCQgBFQAAiEIYAQ==&rs=AOn4CLDw7ZBl6ob0wqnCgRydGMJOIhZTPg',
  'play_duration' => '1:12',
  'video_title' => 'The Milk Man - Cyanide & Happiness Minis',
  'video_url' => 'https://www.youtube.com/watch?v=Zz4FLjMEKf4',
  'video_time_content' => '4 天前2,886,021次观看',
)array (
  'video_cover' => 'https://i.ytimg.com/vi/kFQUlA-G0N4/hqdefault.jpg?sqp=-oaymwEWCMQBEG5IWvKriqkDCQgBFQAAiEIYAQ==&rs=AOn4CLDw7ZBl6ob0wqnCgRydGMJOIhZTPg',
  'play_duration' => '13:41',
  'video_title' => 'GIANT SALAMANDER FOUND!',
  'video_url' => 'https://www.youtube.com/watch?v=k17NmE6LLG8',
  'video_time_content' => '3 天前4,842,816次观看',
)array (
  'video_cover' => 'https://i.ytimg.com/vi/kFQUlA-G0N4/hqdefault.jpg?sqp=-oaymwEWCMQBEG5IWvKriqkDCQgBFQAAiEIYAQ==&rs=AOn4CLDw7ZBl6ob0wqnCgRydGMJOIhZTPg',
  'play_duration' => '2:28',
  'video_title' => 'Pitch Perfect 3 - Official Trailer [HD]',
  'video_url' => 'https://www.youtube.com/watch?v=Hihto8onbUU',
  'video_time_content' => '6 天前7,533,559次观看',
)array (
  'video_cover' => 'https://i.ytimg.com/vi/kFQUlA-G0N4/hqdefault.jpg?sqp=-oaymwEWCMQBEG5IWvKriqkDCQgBFQAAiEIYAQ==&rs=AOn4CLDw7ZBl6ob0wqnCgRydGMJOIhZTPg',
  'play_duration' => '6:04',
  'video_title' => 'Binging with Babish: Cocktail Special',
  'video_url' => 'https://www.youtube.com/watch?v=v5tJBLfeurU',
  'video_time_content' => '4 天前777,560次观看',
)array (
  'video_cover' => 'https://i.ytimg.com/vi/kFQUlA-G0N4/hqdefault.jpg?sqp=-oaymwEWCMQBEG5IWvKriqkDCQgBFQAAiEIYAQ==&rs=AOn4CLDw7ZBl6ob0wqnCgRydGMJOIhZTPg',
  'play_duration' => '5:47',
  'video_title' => 'Tattoo Artists Critique Rihanna, Justin Bieber, and More Celebrity Tattoos | GQ',
  'video_url' => 'https://www.youtube.com/watch?v=qzlGB3eOjlU',
  'video_time_content' => '5 天前4,413,129次观看',
)array (
  'video_cover' => 'https://i.ytimg.com/vi/kFQUlA-G0N4/hqdefault.jpg?sqp=-oaymwEWCMQBEG5IWvKriqkDCQgBFQAAiEIYAQ==&rs=AOn4CLDw7ZBl6ob0wqnCgRydGMJOIhZTPg',
  'play_duration' => '1:28',
  'video_title' => 'My longest hello everybody ever',
  'video_url' => 'https://www.youtube.com/watch?v=BptxiIJhGd4',
  'video_time_content' => '3 天前2,294,038次观看',
)array (
  'video_cover' => 'https://i.ytimg.com/vi/kFQUlA-G0N4/hqdefault.jpg?sqp=-oaymwEWCMQBEG5IWvKriqkDCQgBFQAAiEIYAQ==&rs=AOn4CLDw7ZBl6ob0wqnCgRydGMJOIhZTPg',
  'play_duration' => '4:54',
  'video_title' => 'Simon Cowell Shows Amazing HEART Steps In To Save Dog Trainer | America’s Got Talent 2017',
  'video_url' => 'https://www.youtube.com/watch?v=uDQtTfAn5hk',
  'video_time_content' => '3 天前4,168,793次观看',
)array (
  'video_cover' => 'https://i.ytimg.com/vi/kFQUlA-G0N4/hqdefault.jpg?sqp=-oaymwEWCMQBEG5IWvKriqkDCQgBFQAAiEIYAQ==&rs=AOn4CLDw7ZBl6ob0wqnCgRydGMJOIhZTPg',
  'play_duration' => '2:24',
  'video_title' => 'The Greatest Showman | Official Trailer | 20th Century FOX',
  'video_url' => 'https://www.youtube.com/watch?v=AXCTMGYUg9A',
  'video_time_content' => '3 天前3,973,706次观看',
)array (
  'video_cover' => 'https://i.ytimg.com/vi/kFQUlA-G0N4/hqdefault.jpg?sqp=-oaymwEWCMQBEG5IWvKriqkDCQgBFQAAiEIYAQ==&rs=AOn4CLDw7ZBl6ob0wqnCgRydGMJOIhZTPg',
  'play_duration' => '3:08',
  'video_title' => 'Toby Keith - Wacky Tobaccy',
  'video_url' => 'https://www.youtube.com/watch?v=2kGEhX_s2_g',
  'video_time_content' => '1周前3,050,798次观看',
)array (
  'video_cover' => 'https://i.ytimg.com/vi/kFQUlA-G0N4/hqdefault.jpg?sqp=-oaymwEWCMQBEG5IWvKriqkDCQgBFQAAiEIYAQ==&rs=AOn4CLDw7ZBl6ob0wqnCgRydGMJOIhZTPg',
  'play_duration' => '53:24',
  'video_title' => 'BulgariaSat-1 Launch Webcast',
  'video_url' => 'https://www.youtube.com/watch?v=Y8mLi-rRTh8',
  'video_time_content' => '直播时间：1周前1,049,719次观看',
)array (
  'video_cover' => 'https://i.ytimg.com/vi/kFQUlA-G0N4/hqdefault.jpg?sqp=-oaymwEWCMQBEG5IWvKriqkDCQgBFQAAiEIYAQ==&rs=AOn4CLDw7ZBl6ob0wqnCgRydGMJOIhZTPg',
  'play_duration' => '4:05',
  'video_title' => 'Casually Explained: Finding The One',
  'video_url' => 'https://www.youtube.com/watch?v=TgHtp16pXfg',
  'video_time_content' => '5 天前1,570,995次观看',
)array (
  'video_cover' => 'https://i.ytimg.com/vi/kFQUlA-G0N4/hqdefault.jpg?sqp=-oaymwEWCMQBEG5IWvKriqkDCQgBFQAAiEIYAQ==&rs=AOn4CLDw7ZBl6ob0wqnCgRydGMJOIhZTPg',
  'play_duration' => '16:18',
  'video_title' => 'Exclusive: Lamar Odom Talks Sobriety & Kardashians',
  'video_url' => 'https://www.youtube.com/watch?v=kwxJxdfpEYY',
  'video_time_content' => '3 天前1,141,508次观看',
)array (
  'video_cover' => 'https://i.ytimg.com/vi/kFQUlA-G0N4/hqdefault.jpg?sqp=-oaymwEWCMQBEG5IWvKriqkDCQgBFQAAiEIYAQ==&rs=AOn4CLDw7ZBl6ob0wqnCgRydGMJOIhZTPg',
  'play_duration' => '5:56',
  'video_title' => 'Medicaid\'s Last Stand | June 28, 2017 Part 1 | Full Frontal on TBS',
  'video_url' => 'https://www.youtube.com/watch?v=0EzEMsZFrXY',
  'video_time_content' => '2 天前531,520次观看',
)array (
  'video_cover' => 'https://i.ytimg.com/vi/kFQUlA-G0N4/hqdefault.jpg?sqp=-oaymwEWCMQBEG5IWvKriqkDCQgBFQAAiEIYAQ==&rs=AOn4CLDw7ZBl6ob0wqnCgRydGMJOIhZTPg',
  'play_duration' => '17:03',
  'video_title' => 'The TRUTH about KIM KARDASHIAN CONTOUR + HIGHLIGHT KIT',
  'video_url' => 'https://www.youtube.com/watch?v=lQ0HaBWk9Lk',
  'video_time_content' => '4 天前1,458,768次观看',
)array (
  'video_cover' => 'https://i.ytimg.com/vi/kFQUlA-G0N4/hqdefault.jpg?sqp=-oaymwEWCMQBEG5IWvKriqkDCQgBFQAAiEIYAQ==&rs=AOn4CLDw7ZBl6ob0wqnCgRydGMJOIhZTPg',
  'play_duration' => '14:32',
  'video_title' => 'I CUT MY OWN HAIR! Carli Bybel',
  'video_url' => 'https://www.youtube.com/watch?v=67ts0xgn7Lw',
  'video_time_content' => '2 天前974,890次观看',
)array (
  'video_cover' => 'https://i.ytimg.com/vi/kFQUlA-G0N4/hqdefault.jpg?sqp=-oaymwEWCMQBEG5IWvKriqkDCQgBFQAAiEIYAQ==&rs=AOn4CLDw7ZBl6ob0wqnCgRydGMJOIhZTPg',
  'play_duration' => '4:21',
  'video_title' => 'LaVar Ball takes over “Miz TV”: Raw, June 26, 2017',
  'video_url' => 'https://www.youtube.com/watch?v=yq_h8Y6ecnQ',
  'video_time_content' => '4 天前1,454,202次观看',
)array (
  'video_cover' => 'https://i.ytimg.com/vi/kFQUlA-G0N4/hqdefault.jpg?sqp=-oaymwEWCMQBEG5IWvKriqkDCQgBFQAAiEIYAQ==&rs=AOn4CLDw7ZBl6ob0wqnCgRydGMJOIhZTPg',
  'play_duration' => '6:06',
  'video_title' => 'Nicki Minaj Full Performance NBA Awards 2017',
  'video_url' => 'https://www.youtube.com/watch?v=1rcBq0cnwXI',
  'video_time_content' => '4 天前547,952次观看',
)array (
  'video_cover' => 'https://i.ytimg.com/vi/kFQUlA-G0N4/hqdefault.jpg?sqp=-oaymwEWCMQBEG5IWvKriqkDCQgBFQAAiEIYAQ==&rs=AOn4CLDw7ZBl6ob0wqnCgRydGMJOIhZTPg',
  'play_duration' => '3:41',
  'video_title' => 'Johnny Manuel: Guy Covers Whitney Houston\'s "I Have Nothing" - America\'s Got Talent 2017',
  'video_url' => 'https://www.youtube.com/watch?v=72WMprLONBQ',
  'video_time_content' => '3 天前4,003,514次观看',
)array (
  'video_cover' => 'https://i.ytimg.com/vi/kFQUlA-G0N4/hqdefault.jpg?sqp=-oaymwEWCMQBEG5IWvKriqkDCQgBFQAAiEIYAQ==&rs=AOn4CLDw7ZBl6ob0wqnCgRydGMJOIhZTPg',
  'play_duration' => '3:43',
  'video_title' => 'Calvin Harris - Feels (Official Video) ft. Pharrell Williams, Katy Perry, Big Sean',
  'video_url' => 'https://www.youtube.com/watch?v=ozv4q2ov3Mk',
  'video_time_content' => '4 天前11,829,019次观看',
)array (
  'video_cover' => 'https://i.ytimg.com/vi/kFQUlA-G0N4/hqdefault.jpg?sqp=-oaymwEWCMQBEG5IWvKriqkDCQgBFQAAiEIYAQ==&rs=AOn4CLDw7ZBl6ob0wqnCgRydGMJOIhZTPg',
  'play_duration' => '1:38',
  'video_title' => 'World of Dance 2017 - Les Twins: The Duels (Full Performance)',
  'video_url' => 'https://www.youtube.com/watch?v=0Bs76OjaDSE',
  'video_time_content' => '3 天前960,709次观看',
)